<?xml version='1.0' encoding='UTF-8'?>
<testsuite hostname="pc-samy" name="LogicSpec" tests="3" errors="0" failures="0" time="-0.003">
                     <properties>
[...]
</properties>
                     <testcase classname="LogicSpec" name="999" time="-0.001">
                                                 
                                               </testcase><testcase classname="LogicSpec" name="001" time="-0.001">
                                                 
                                               </testcase><testcase classname="LogicSpec" name="5'" time="-0.001">
                                                 
                                               </testcase>
                     <system-out></system-out>
                     <system-err></system-err>
                   </testsuite>